<?xml version="1.0" encoding="UTF-8"?>
<!-- Generated by org.testng.reporters.JUnitReportReporter -->
<testsuite skipped="0" hostname="HDLSOCARATIES20" name="com.sample.test.SampleExample" tests="1" failures="0" timestamp="20 Jun 2017 11:00:38 GMT" time="0.022" errors="0">
  <testcase name="test1" time="0.022" classname="com.sample.test.SampleExample"/>
</testsuite> <!-- com.sample.test.SampleExample -->
